{"/home/leminh/Desktop/zigvy/backend/app.js": {"path":"/home/leminh/Desktop/zigvy/backend/app.js","statementMap":{"0":{"start":{"line":1,"column":16},"end":{"line":1,"column":34}},"1":{"start":{"line":2,"column":13},"end":{"line":2,"column":28}},"2":{"start":{"line":3,"column":15},"end":{"line":3,"column":32}},"3":{"start":{"line":4,"column":12},"end":{"line":4,"column":21}},"4":{"start":{"line":6,"column":0},"end":{"line":6,"column":24}},"5":{"start":{"line":7,"column":0},"end":{"line":7,"column":28}},"6":{"start":{"line":8,"column":0},"end":{"line":13,"column":2}},"7":{"start":{"line":15,"column":18},"end":{"line":15,"column":48}},"8":{"start":{"line":16,"column":21},"end":{"line":16,"column":54}},"9":{"start":{"line":17,"column":18},"end":{"line":17,"column":48}},"10":{"start":{"line":18,"column":31},"end":{"line":18,"column":80}},"11":{"start":{"line":20,"column":0},"end":{"line":20,"column":29}},"12":{"start":{"line":21,"column":0},"end":{"line":21,"column":29}},"13":{"start":{"line":22,"column":0},"end":{"line":22,"column":35}},"14":{"start":{"line":25,"column":0},"end":{"line":25,"column":72}},"15":{"start":{"line":27,"column":0},"end":{"line":27,"column":21}}},"fnMap":{},"branchMap":{"0":{"loc":{"start":{"line":25,"column":0},"end":{"line":25,"column":71}},"type":"binary-expr","locations":[{"start":{"line":25,"column":0},"end":{"line":25,"column":36}},{"start":{"line":25,"column":40},"end":{"line":25,"column":71}}],"line":25}},"s":{"0":1,"1":1,"2":1,"3":1,"4":1,"5":1,"6":1,"7":1,"8":1,"9":1,"10":1,"11":1,"12":1,"13":1,"14":1,"15":1},"f":{},"b":{"0":[1,0]},"_coverageSchema":"1a1c01bbd47fc00a2c39e90264f33305004495a9","hash":"6a8a6d635f630615f05a7ca5aa645e97e1eda086"}
,"/home/leminh/Desktop/zigvy/backend/controllers/comment.controller.js": {"path":"/home/leminh/Desktop/zigvy/backend/controllers/comment.controller.js","statementMap":{"0":{"start":{"line":1,"column":23},"end":{"line":1,"column":61}},"1":{"start":{"line":2,"column":38},"end":{"line":2,"column":70}},"2":{"start":{"line":4,"column":0},"end":{"line":10,"column":2}},"3":{"start":{"line":13,"column":20},"end":{"line":13,"column":30}},"4":{"start":{"line":14,"column":1},"end":{"line":21,"column":2}},"5":{"start":{"line":15,"column":19},"end":{"line":17,"column":39}},"6":{"start":{"line":18,"column":2},"end":{"line":18,"column":43}},"7":{"start":{"line":20,"column":2},"end":{"line":20,"column":15}},"8":{"start":{"line":25,"column":1},"end":{"line":30,"column":16}},"9":{"start":{"line":28,"column":3},"end":{"line":28,"column":67}},"10":{"start":{"line":34,"column":1},"end":{"line":37,"column":16}},"11":{"start":{"line":36,"column":22},"end":{"line":36,"column":42}},"12":{"start":{"line":41,"column":1},"end":{"line":46,"column":16}},"13":{"start":{"line":44,"column":3},"end":{"line":44,"column":67}},"14":{"start":{"line":50,"column":1},"end":{"line":53,"column":16}},"15":{"start":{"line":52,"column":14},"end":{"line":52,"column":34}}},"fnMap":{"0":{"name":"getComments","decl":{"start":{"line":12,"column":15},"end":{"line":12,"column":26}},"loc":{"start":{"line":12,"column":46},"end":{"line":22,"column":1}},"line":12},"1":{"name":"getCommentById","decl":{"start":{"line":24,"column":9},"end":{"line":24,"column":23}},"loc":{"start":{"line":24,"column":43},"end":{"line":31,"column":1}},"line":24},"2":{"name":"(anonymous_2)","decl":{"start":{"line":27,"column":8},"end":{"line":27,"column":9}},"loc":{"start":{"line":28,"column":3},"end":{"line":28,"column":67}},"line":28},"3":{"name":"addComment","decl":{"start":{"line":33,"column":9},"end":{"line":33,"column":19}},"loc":{"start":{"line":33,"column":39},"end":{"line":38,"column":1}},"line":33},"4":{"name":"(anonymous_4)","decl":{"start":{"line":36,"column":8},"end":{"line":36,"column":9}},"loc":{"start":{"line":36,"column":22},"end":{"line":36,"column":42}},"line":36},"5":{"name":"updateComment","decl":{"start":{"line":40,"column":9},"end":{"line":40,"column":22}},"loc":{"start":{"line":40,"column":42},"end":{"line":47,"column":1}},"line":40},"6":{"name":"(anonymous_6)","decl":{"start":{"line":43,"column":8},"end":{"line":43,"column":9}},"loc":{"start":{"line":44,"column":3},"end":{"line":44,"column":67}},"line":44},"7":{"name":"deleteComment","decl":{"start":{"line":49,"column":9},"end":{"line":49,"column":22}},"loc":{"start":{"line":49,"column":42},"end":{"line":54,"column":1}},"line":49},"8":{"name":"(anonymous_8)","decl":{"start":{"line":52,"column":8},"end":{"line":52,"column":9}},"loc":{"start":{"line":52,"column":14},"end":{"line":52,"column":34}},"line":52}},"branchMap":{"0":{"loc":{"start":{"line":15,"column":19},"end":{"line":17,"column":39}},"type":"cond-expr","locations":[{"start":{"line":16,"column":5},"end":{"line":16,"column":51}},{"start":{"line":17,"column":5},"end":{"line":17,"column":39}}],"line":15},"1":{"loc":{"start":{"line":28,"column":3},"end":{"line":28,"column":67}},"type":"cond-expr","locations":[{"start":{"line":28,"column":13},"end":{"line":28,"column":44}},{"start":{"line":28,"column":47},"end":{"line":28,"column":67}}],"line":28},"2":{"loc":{"start":{"line":44,"column":3},"end":{"line":44,"column":67}},"type":"cond-expr","locations":[{"start":{"line":44,"column":13},"end":{"line":44,"column":44}},{"start":{"line":44,"column":47},"end":{"line":44,"column":67}}],"line":44}},"s":{"0":1,"1":1,"2":1,"3":0,"4":0,"5":0,"6":0,"7":0,"8":0,"9":0,"10":0,"11":0,"12":0,"13":0,"14":0,"15":0},"f":{"0":0,"1":0,"2":0,"3":0,"4":0,"5":0,"6":0,"7":0,"8":0},"b":{"0":[0,0],"1":[0,0],"2":[0,0]},"_coverageSchema":"1a1c01bbd47fc00a2c39e90264f33305004495a9","hash":"4c89e5df6e79a1b8d97dc82a213af32d2879173c"}
,"/home/leminh/Desktop/zigvy/backend/controllers/post.controller.js": {"path":"/home/leminh/Desktop/zigvy/backend/controllers/post.controller.js","statementMap":{"0":{"start":{"line":1,"column":20},"end":{"line":1,"column":55}},"1":{"start":{"line":2,"column":25},"end":{"line":2,"column":57}},"2":{"start":{"line":3,"column":32},"end":{"line":3,"column":61}},"3":{"start":{"line":5,"column":0},"end":{"line":5,"column":84}},"4":{"start":{"line":8,"column":40},"end":{"line":8,"column":50}},"5":{"start":{"line":9,"column":1},"end":{"line":12,"column":16}},"6":{"start":{"line":11,"column":19},"end":{"line":11,"column":46}},"7":{"start":{"line":16,"column":1},"end":{"line":19,"column":16}},"8":{"start":{"line":18,"column":19},"end":{"line":18,"column":74}},"9":{"start":{"line":23,"column":1},"end":{"line":26,"column":16}},"10":{"start":{"line":25,"column":19},"end":{"line":25,"column":39}},"11":{"start":{"line":30,"column":1},"end":{"line":33,"column":16}},"12":{"start":{"line":32,"column":19},"end":{"line":32,"column":74}},"13":{"start":{"line":37,"column":2},"end":{"line":40,"column":18}},"14":{"start":{"line":39,"column":16},"end":{"line":39,"column":36}},"15":{"start":{"line":44,"column":1},"end":{"line":47,"column":16}},"16":{"start":{"line":46,"column":22},"end":{"line":46,"column":55}}},"fnMap":{"0":{"name":"getPosts","decl":{"start":{"line":7,"column":9},"end":{"line":7,"column":17}},"loc":{"start":{"line":7,"column":37},"end":{"line":13,"column":1}},"line":7},"1":{"name":"(anonymous_1)","decl":{"start":{"line":11,"column":8},"end":{"line":11,"column":9}},"loc":{"start":{"line":11,"column":19},"end":{"line":11,"column":46}},"line":11},"2":{"name":"getById","decl":{"start":{"line":15,"column":9},"end":{"line":15,"column":16}},"loc":{"start":{"line":15,"column":36},"end":{"line":20,"column":1}},"line":15},"3":{"name":"(anonymous_3)","decl":{"start":{"line":18,"column":8},"end":{"line":18,"column":9}},"loc":{"start":{"line":18,"column":19},"end":{"line":18,"column":74}},"line":18},"4":{"name":"addPost","decl":{"start":{"line":22,"column":9},"end":{"line":22,"column":16}},"loc":{"start":{"line":22,"column":36},"end":{"line":27,"column":1}},"line":22},"5":{"name":"(anonymous_5)","decl":{"start":{"line":25,"column":8},"end":{"line":25,"column":9}},"loc":{"start":{"line":25,"column":19},"end":{"line":25,"column":39}},"line":25},"6":{"name":"updatePost","decl":{"start":{"line":29,"column":9},"end":{"line":29,"column":19}},"loc":{"start":{"line":29,"column":39},"end":{"line":34,"column":1}},"line":29},"7":{"name":"(anonymous_7)","decl":{"start":{"line":32,"column":8},"end":{"line":32,"column":9}},"loc":{"start":{"line":32,"column":19},"end":{"line":32,"column":74}},"line":32},"8":{"name":"deletePost","decl":{"start":{"line":36,"column":9},"end":{"line":36,"column":19}},"loc":{"start":{"line":36,"column":39},"end":{"line":41,"column":1}},"line":36},"9":{"name":"(anonymous_9)","decl":{"start":{"line":39,"column":10},"end":{"line":39,"column":11}},"loc":{"start":{"line":39,"column":16},"end":{"line":39,"column":36}},"line":39},"10":{"name":"getComments","decl":{"start":{"line":43,"column":9},"end":{"line":43,"column":20}},"loc":{"start":{"line":43,"column":40},"end":{"line":48,"column":1}},"line":43},"11":{"name":"(anonymous_11)","decl":{"start":{"line":46,"column":8},"end":{"line":46,"column":9}},"loc":{"start":{"line":46,"column":22},"end":{"line":46,"column":55}},"line":46}},"branchMap":{"0":{"loc":{"start":{"line":18,"column":19},"end":{"line":18,"column":74}},"type":"cond-expr","locations":[{"start":{"line":18,"column":26},"end":{"line":18,"column":51}},{"start":{"line":18,"column":54},"end":{"line":18,"column":74}}],"line":18},"1":{"loc":{"start":{"line":32,"column":19},"end":{"line":32,"column":74}},"type":"cond-expr","locations":[{"start":{"line":32,"column":26},"end":{"line":32,"column":51}},{"start":{"line":32,"column":54},"end":{"line":32,"column":74}}],"line":32}},"s":{"0":1,"1":1,"2":1,"3":1,"4":1,"5":1,"6":1,"7":1,"8":1,"9":1,"10":1,"11":1,"12":1,"13":1,"14":1,"15":0,"16":0},"f":{"0":1,"1":1,"2":1,"3":1,"4":1,"5":1,"6":1,"7":1,"8":1,"9":1,"10":0,"11":0},"b":{"0":[1,0],"1":[1,0]},"_coverageSchema":"1a1c01bbd47fc00a2c39e90264f33305004495a9","hash":"1c97bafb4075ae570e02acfe62c0aa042fe98edc"}
,"/home/leminh/Desktop/zigvy/backend/controllers/user.controller.js": {"path":"/home/leminh/Desktop/zigvy/backend/controllers/user.controller.js","statementMap":{"0":{"start":{"line":1,"column":20},"end":{"line":1,"column":55}},"1":{"start":{"line":2,"column":32},"end":{"line":2,"column":61}},"2":{"start":{"line":4,"column":0},"end":{"line":4,"column":39}},"3":{"start":{"line":7,"column":1},"end":{"line":10,"column":16}},"4":{"start":{"line":9,"column":19},"end":{"line":9,"column":46}},"5":{"start":{"line":14,"column":1},"end":{"line":17,"column":16}},"6":{"start":{"line":16,"column":19},"end":{"line":16,"column":74}}},"fnMap":{"0":{"name":"getUsers","decl":{"start":{"line":6,"column":9},"end":{"line":6,"column":17}},"loc":{"start":{"line":6,"column":37},"end":{"line":11,"column":1}},"line":6},"1":{"name":"(anonymous_1)","decl":{"start":{"line":9,"column":8},"end":{"line":9,"column":9}},"loc":{"start":{"line":9,"column":19},"end":{"line":9,"column":46}},"line":9},"2":{"name":"getById","decl":{"start":{"line":13,"column":9},"end":{"line":13,"column":16}},"loc":{"start":{"line":13,"column":36},"end":{"line":18,"column":1}},"line":13},"3":{"name":"(anonymous_3)","decl":{"start":{"line":16,"column":8},"end":{"line":16,"column":9}},"loc":{"start":{"line":16,"column":19},"end":{"line":16,"column":74}},"line":16}},"branchMap":{"0":{"loc":{"start":{"line":16,"column":19},"end":{"line":16,"column":74}},"type":"cond-expr","locations":[{"start":{"line":16,"column":26},"end":{"line":16,"column":51}},{"start":{"line":16,"column":54},"end":{"line":16,"column":74}}],"line":16}},"s":{"0":1,"1":1,"2":1,"3":0,"4":0,"5":0,"6":0},"f":{"0":0,"1":0,"2":0,"3":0},"b":{"0":[0,0]},"_coverageSchema":"1a1c01bbd47fc00a2c39e90264f33305004495a9","hash":"26304202d73814d6901f4361817428a5014d6453"}
,"/home/leminh/Desktop/zigvy/backend/middlewares/error-handler.middleware.js": {"path":"/home/leminh/Desktop/zigvy/backend/middlewares/error-handler.middleware.js","statementMap":{"0":{"start":{"line":4,"column":1},"end":{"line":4,"column":21}},"1":{"start":{"line":5,"column":1},"end":{"line":5,"column":37}},"2":{"start":{"line":8,"column":0},"end":{"line":8,"column":40}}},"fnMap":{"0":{"name":"ErrorHandlerMiddleware","decl":{"start":{"line":3,"column":9},"end":{"line":3,"column":31}},"loc":{"start":{"line":3,"column":57},"end":{"line":6,"column":1}},"line":3}},"branchMap":{"0":{"loc":{"start":{"line":5,"column":17},"end":{"line":5,"column":35}},"type":"binary-expr","locations":[{"start":{"line":5,"column":17},"end":{"line":5,"column":28}},{"start":{"line":5,"column":32},"end":{"line":5,"column":35}}],"line":5}},"s":{"0":0,"1":0,"2":1},"f":{"0":0},"b":{"0":[0,0]},"_coverageSchema":"1a1c01bbd47fc00a2c39e90264f33305004495a9","hash":"7e4b233177eda788f8b52480fd2264c449e64494"}
,"/home/leminh/Desktop/zigvy/backend/middlewares/validation.middleware.js": {"path":"/home/leminh/Desktop/zigvy/backend/middlewares/validation.middleware.js","statementMap":{"0":{"start":{"line":1,"column":29},"end":{"line":1,"column":57}},"1":{"start":{"line":4,"column":17},"end":{"line":4,"column":39}},"2":{"start":{"line":5,"column":2},"end":{"line":7,"column":3}},"3":{"start":{"line":6,"column":4},"end":{"line":6,"column":61}},"4":{"start":{"line":8,"column":2},"end":{"line":8,"column":10}},"5":{"start":{"line":11,"column":0},"end":{"line":11,"column":38}}},"fnMap":{"0":{"name":"ValidationMiddleware","decl":{"start":{"line":3,"column":9},"end":{"line":3,"column":29}},"loc":{"start":{"line":3,"column":49},"end":{"line":9,"column":1}},"line":3}},"branchMap":{"0":{"loc":{"start":{"line":5,"column":2},"end":{"line":7,"column":3}},"type":"if","locations":[{"start":{"line":5,"column":2},"end":{"line":7,"column":3}},{"start":{},"end":{}}],"line":5}},"s":{"0":1,"1":6,"2":6,"3":0,"4":6,"5":1},"f":{"0":6},"b":{"0":[0,6]},"_coverageSchema":"1a1c01bbd47fc00a2c39e90264f33305004495a9","hash":"a210e9e94df4a819bd63a391e5e4bb8d055a06fc"}
,"/home/leminh/Desktop/zigvy/backend/models/comment.model.js": {"path":"/home/leminh/Desktop/zigvy/backend/models/comment.model.js","statementMap":{"0":{"start":{"line":1,"column":17},"end":{"line":1,"column":36}},"1":{"start":{"line":2,"column":15},"end":{"line":2,"column":30}},"2":{"start":{"line":4,"column":22},"end":{"line":10,"column":2}},"3":{"start":{"line":12,"column":0},"end":{"line":12,"column":58}}},"fnMap":{},"branchMap":{},"s":{"0":1,"1":1,"2":1,"3":1},"f":{},"b":{},"_coverageSchema":"1a1c01bbd47fc00a2c39e90264f33305004495a9","hash":"a3be527d718ddf5afc7500aa45f9a3f26107dfe0"}
,"/home/leminh/Desktop/zigvy/backend/models/post.model.js": {"path":"/home/leminh/Desktop/zigvy/backend/models/post.model.js","statementMap":{"0":{"start":{"line":1,"column":17},"end":{"line":1,"column":36}},"1":{"start":{"line":2,"column":15},"end":{"line":2,"column":30}},"2":{"start":{"line":4,"column":19},"end":{"line":11,"column":2}},"3":{"start":{"line":13,"column":0},"end":{"line":13,"column":52}}},"fnMap":{},"branchMap":{},"s":{"0":1,"1":1,"2":1,"3":1},"f":{},"b":{},"_coverageSchema":"1a1c01bbd47fc00a2c39e90264f33305004495a9","hash":"87009fd28837117f1bd8afff971b46db83adb9e7"}
,"/home/leminh/Desktop/zigvy/backend/models/user.model.js": {"path":"/home/leminh/Desktop/zigvy/backend/models/user.model.js","statementMap":{"0":{"start":{"line":1,"column":17},"end":{"line":1,"column":36}},"1":{"start":{"line":2,"column":15},"end":{"line":2,"column":30}},"2":{"start":{"line":4,"column":19},"end":{"line":10,"column":2}},"3":{"start":{"line":12,"column":0},"end":{"line":12,"column":52}}},"fnMap":{},"branchMap":{},"s":{"0":1,"1":1,"2":1,"3":1},"f":{},"b":{},"_coverageSchema":"1a1c01bbd47fc00a2c39e90264f33305004495a9","hash":"d24b42c894042ee99b606ae360fb67aac049b0ee"}
,"/home/leminh/Desktop/zigvy/backend/routes/comment.route.js": {"path":"/home/leminh/Desktop/zigvy/backend/routes/comment.route.js","statementMap":{"0":{"start":{"line":1,"column":16},"end":{"line":1,"column":34}},"1":{"start":{"line":2,"column":15},"end":{"line":2,"column":31}},"2":{"start":{"line":3,"column":29},"end":{"line":3,"column":76}},"3":{"start":{"line":4,"column":18},"end":{"line":4,"column":46}},"4":{"start":{"line":5,"column":26},"end":{"line":5,"column":70}},"5":{"start":{"line":6,"column":25},"end":{"line":6,"column":67}},"6":{"start":{"line":7,"column":20},"end":{"line":7,"column":57}},"7":{"start":{"line":9,"column":0},"end":{"line":13,"column":2}},"8":{"start":{"line":14,"column":0},"end":{"line":14,"column":65}},"9":{"start":{"line":15,"column":0},"end":{"line":15,"column":66}},"10":{"start":{"line":16,"column":0},"end":{"line":16,"column":91}},"11":{"start":{"line":17,"column":0},"end":{"line":17,"column":68}},"12":{"start":{"line":19,"column":0},"end":{"line":19,"column":24}}},"fnMap":{},"branchMap":{},"s":{"0":1,"1":1,"2":1,"3":1,"4":1,"5":1,"6":1,"7":1,"8":1,"9":1,"10":1,"11":1,"12":1},"f":{},"b":{},"_coverageSchema":"1a1c01bbd47fc00a2c39e90264f33305004495a9","hash":"97ef49e3babe7eea789d9c3f75791bdfc1491c11"}
,"/home/leminh/Desktop/zigvy/backend/routes/post.route.js": {"path":"/home/leminh/Desktop/zigvy/backend/routes/post.route.js","statementMap":{"0":{"start":{"line":1,"column":16},"end":{"line":1,"column":34}},"1":{"start":{"line":2,"column":15},"end":{"line":2,"column":31}},"2":{"start":{"line":3,"column":20},"end":{"line":3,"column":57}},"3":{"start":{"line":4,"column":28},"end":{"line":4,"column":73}},"4":{"start":{"line":5,"column":19},"end":{"line":5,"column":60}},"5":{"start":{"line":6,"column":18},"end":{"line":6,"column":46}},"6":{"start":{"line":7,"column":22},"end":{"line":7,"column":61}},"7":{"start":{"line":9,"column":0},"end":{"line":13,"column":2}},"8":{"start":{"line":14,"column":0},"end":{"line":14,"column":52}},"9":{"start":{"line":15,"column":0},"end":{"line":15,"column":52}},"10":{"start":{"line":16,"column":0},"end":{"line":16,"column":78}},"11":{"start":{"line":17,"column":0},"end":{"line":17,"column":58}},"12":{"start":{"line":18,"column":0},"end":{"line":18,"column":65}},"13":{"start":{"line":20,"column":0},"end":{"line":20,"column":24}}},"fnMap":{},"branchMap":{},"s":{"0":1,"1":1,"2":1,"3":1,"4":1,"5":1,"6":1,"7":1,"8":1,"9":1,"10":1,"11":1,"12":1,"13":1},"f":{},"b":{},"_coverageSchema":"1a1c01bbd47fc00a2c39e90264f33305004495a9","hash":"d76b61b43aa106bbf4634517e1f09047ffd6d304"}
,"/home/leminh/Desktop/zigvy/backend/routes/user.route.js": {"path":"/home/leminh/Desktop/zigvy/backend/routes/user.route.js","statementMap":{"0":{"start":{"line":1,"column":16},"end":{"line":1,"column":34}},"1":{"start":{"line":2,"column":15},"end":{"line":2,"column":31}},"2":{"start":{"line":3,"column":20},"end":{"line":3,"column":57}},"3":{"start":{"line":4,"column":19},"end":{"line":4,"column":60}},"4":{"start":{"line":6,"column":0},"end":{"line":6,"column":37}},"5":{"start":{"line":7,"column":0},"end":{"line":7,"column":52}},"6":{"start":{"line":9,"column":0},"end":{"line":9,"column":24}}},"fnMap":{},"branchMap":{},"s":{"0":1,"1":1,"2":1,"3":1,"4":1,"5":1,"6":1},"f":{},"b":{},"_coverageSchema":"1a1c01bbd47fc00a2c39e90264f33305004495a9","hash":"00536032448e69e266a53c0c4bb362724f8905ce"}
,"/home/leminh/Desktop/zigvy/backend/services/comment.service.js": {"path":"/home/leminh/Desktop/zigvy/backend/services/comment.service.js","statementMap":{"0":{"start":{"line":1,"column":16},"end":{"line":1,"column":50}},"1":{"start":{"line":3,"column":0},"end":{"line":11,"column":2}},"2":{"start":{"line":14,"column":1},"end":{"line":14,"column":30}},"3":{"start":{"line":18,"column":1},"end":{"line":18,"column":36}},"4":{"start":{"line":22,"column":1},"end":{"line":24,"column":10}},"5":{"start":{"line":28,"column":1},"end":{"line":28,"column":62}},"6":{"start":{"line":32,"column":1},"end":{"line":32,"column":38}},"7":{"start":{"line":36,"column":1},"end":{"line":36,"column":99}},"8":{"start":{"line":40,"column":1},"end":{"line":40,"column":45}}},"fnMap":{"0":{"name":"getComments","decl":{"start":{"line":13,"column":9},"end":{"line":13,"column":20}},"loc":{"start":{"line":13,"column":23},"end":{"line":15,"column":1}},"line":13},"1":{"name":"getCommentById","decl":{"start":{"line":17,"column":9},"end":{"line":17,"column":23}},"loc":{"start":{"line":17,"column":28},"end":{"line":19,"column":1}},"line":17},"2":{"name":"getCommentsByPost","decl":{"start":{"line":21,"column":9},"end":{"line":21,"column":26}},"loc":{"start":{"line":21,"column":35},"end":{"line":25,"column":1}},"line":21},"3":{"name":"addComment","decl":{"start":{"line":27,"column":9},"end":{"line":27,"column":19}},"loc":{"start":{"line":27,"column":29},"end":{"line":29,"column":1}},"line":27},"4":{"name":"deleteComment","decl":{"start":{"line":31,"column":9},"end":{"line":31,"column":22}},"loc":{"start":{"line":31,"column":27},"end":{"line":33,"column":1}},"line":31},"5":{"name":"updateComment","decl":{"start":{"line":35,"column":9},"end":{"line":35,"column":22}},"loc":{"start":{"line":35,"column":36},"end":{"line":37,"column":1}},"line":35},"6":{"name":"deleteCommentsByPost","decl":{"start":{"line":39,"column":9},"end":{"line":39,"column":29}},"loc":{"start":{"line":39,"column":38},"end":{"line":41,"column":1}},"line":39}},"branchMap":{},"s":{"0":1,"1":1,"2":0,"3":0,"4":0,"5":0,"6":0,"7":0,"8":1},"f":{"0":0,"1":0,"2":0,"3":0,"4":0,"5":0,"6":1},"b":{},"_coverageSchema":"1a1c01bbd47fc00a2c39e90264f33305004495a9","hash":"c23b622ea09b3c5ad1a78ea23bca70503d4abda2"}
,"/home/leminh/Desktop/zigvy/backend/services/post.service.js": {"path":"/home/leminh/Desktop/zigvy/backend/services/post.service.js","statementMap":{"0":{"start":{"line":1,"column":13},"end":{"line":1,"column":44}},"1":{"start":{"line":2,"column":23},"end":{"line":2,"column":51}},"2":{"start":{"line":4,"column":0},"end":{"line":11,"column":2}},"3":{"start":{"line":14,"column":1},"end":{"line":17,"column":10}},"4":{"start":{"line":21,"column":1},"end":{"line":21,"column":33}},"5":{"start":{"line":25,"column":1},"end":{"line":25,"column":45}},"6":{"start":{"line":29,"column":1},"end":{"line":29,"column":57}},"7":{"start":{"line":33,"column":1},"end":{"line":37,"column":10}},"8":{"start":{"line":41,"column":1},"end":{"line":43,"column":3}},"9":{"start":{"line":42,"column":2},"end":{"line":42,"column":41}}},"fnMap":{"0":{"name":"getPosts","decl":{"start":{"line":13,"column":9},"end":{"line":13,"column":17}},"loc":{"start":{"line":13,"column":52},"end":{"line":18,"column":1}},"line":13},"1":{"name":"getById","decl":{"start":{"line":20,"column":9},"end":{"line":20,"column":16}},"loc":{"start":{"line":20,"column":21},"end":{"line":22,"column":1}},"line":20},"2":{"name":"getComments","decl":{"start":{"line":24,"column":9},"end":{"line":24,"column":20}},"loc":{"start":{"line":24,"column":25},"end":{"line":26,"column":1}},"line":24},"3":{"name":"addPost","decl":{"start":{"line":28,"column":9},"end":{"line":28,"column":16}},"loc":{"start":{"line":28,"column":23},"end":{"line":30,"column":1}},"line":28},"4":{"name":"updatePost","decl":{"start":{"line":32,"column":9},"end":{"line":32,"column":19}},"loc":{"start":{"line":32,"column":30},"end":{"line":38,"column":1}},"line":32},"5":{"name":"deletePost","decl":{"start":{"line":40,"column":9},"end":{"line":40,"column":19}},"loc":{"start":{"line":40,"column":24},"end":{"line":44,"column":1}},"line":40},"6":{"name":"(anonymous_6)","decl":{"start":{"line":41,"column":40},"end":{"line":41,"column":41}},"loc":{"start":{"line":42,"column":2},"end":{"line":42,"column":41}},"line":42}},"branchMap":{"0":{"loc":{"start":{"line":13,"column":18},"end":{"line":13,"column":26}},"type":"default-arg","locations":[{"start":{"line":13,"column":25},"end":{"line":13,"column":26}}],"line":13},"1":{"loc":{"start":{"line":13,"column":28},"end":{"line":13,"column":38}},"type":"default-arg","locations":[{"start":{"line":13,"column":36},"end":{"line":13,"column":38}}],"line":13},"2":{"loc":{"start":{"line":13,"column":40},"end":{"line":13,"column":50}},"type":"default-arg","locations":[{"start":{"line":13,"column":48},"end":{"line":13,"column":50}}],"line":13}},"s":{"0":1,"1":1,"2":1,"3":1,"4":1,"5":0,"6":1,"7":1,"8":1,"9":1},"f":{"0":1,"1":1,"2":0,"3":1,"4":1,"5":1,"6":1},"b":{"0":[1],"1":[1],"2":[1]},"_coverageSchema":"1a1c01bbd47fc00a2c39e90264f33305004495a9","hash":"78444a3532fa147c49e699531affaf5ebac26cb6"}
,"/home/leminh/Desktop/zigvy/backend/services/user.service.js": {"path":"/home/leminh/Desktop/zigvy/backend/services/user.service.js","statementMap":{"0":{"start":{"line":1,"column":13},"end":{"line":1,"column":44}},"1":{"start":{"line":3,"column":0},"end":{"line":3,"column":39}},"2":{"start":{"line":6,"column":2},"end":{"line":6,"column":28}},"3":{"start":{"line":10,"column":2},"end":{"line":10,"column":34}}},"fnMap":{"0":{"name":"getUsers","decl":{"start":{"line":5,"column":9},"end":{"line":5,"column":17}},"loc":{"start":{"line":5,"column":20},"end":{"line":7,"column":1}},"line":5},"1":{"name":"getById","decl":{"start":{"line":9,"column":9},"end":{"line":9,"column":16}},"loc":{"start":{"line":9,"column":21},"end":{"line":11,"column":1}},"line":9}},"branchMap":{},"s":{"0":1,"1":1,"2":0,"3":2},"f":{"0":0,"1":2},"b":{},"_coverageSchema":"1a1c01bbd47fc00a2c39e90264f33305004495a9","hash":"5a53f74333f8c1947408aa1225225019ea49c338"}
,"/home/leminh/Desktop/zigvy/backend/validators/comment.validator.js": {"path":"/home/leminh/Desktop/zigvy/backend/validators/comment.validator.js","statementMap":{"0":{"start":{"line":1,"column":17},"end":{"line":1,"column":45}},"1":{"start":{"line":2,"column":20},"end":{"line":2,"column":55}},"2":{"start":{"line":3,"column":20},"end":{"line":3,"column":55}},"3":{"start":{"line":4,"column":29},"end":{"line":4,"column":76}},"4":{"start":{"line":6,"column":25},"end":{"line":17,"column":1}},"5":{"start":{"line":9,"column":17},"end":{"line":9,"column":49}},"6":{"start":{"line":10,"column":6},"end":{"line":10,"column":41}},"7":{"start":{"line":10,"column":17},"end":{"line":10,"column":41}},"8":{"start":{"line":13,"column":17},"end":{"line":13,"column":49}},"9":{"start":{"line":14,"column":4},"end":{"line":14,"column":39}},"10":{"start":{"line":14,"column":15},"end":{"line":14,"column":39}},"11":{"start":{"line":19,"column":0},"end":{"line":19,"column":34}}},"fnMap":{"0":{"name":"(anonymous_0)","decl":{"start":{"line":8,"column":35},"end":{"line":8,"column":36}},"loc":{"start":{"line":8,"column":52},"end":{"line":11,"column":3}},"line":8},"1":{"name":"(anonymous_1)","decl":{"start":{"line":12,"column":34},"end":{"line":12,"column":35}},"loc":{"start":{"line":12,"column":51},"end":{"line":15,"column":3}},"line":12}},"branchMap":{"0":{"loc":{"start":{"line":10,"column":6},"end":{"line":10,"column":41}},"type":"if","locations":[{"start":{"line":10,"column":6},"end":{"line":10,"column":41}},{"start":{},"end":{}}],"line":10},"1":{"loc":{"start":{"line":14,"column":4},"end":{"line":14,"column":39}},"type":"if","locations":[{"start":{"line":14,"column":4},"end":{"line":14,"column":39}},{"start":{},"end":{}}],"line":14}},"s":{"0":1,"1":1,"2":1,"3":1,"4":1,"5":0,"6":0,"7":0,"8":0,"9":0,"10":0,"11":1},"f":{"0":0,"1":0},"b":{"0":[0,0],"1":[0,0]},"_coverageSchema":"1a1c01bbd47fc00a2c39e90264f33305004495a9","hash":"378d2999138bd95e3890b4a036e509c2cb2f5cee"}
,"/home/leminh/Desktop/zigvy/backend/validators/id.validator.js": {"path":"/home/leminh/Desktop/zigvy/backend/validators/id.validator.js","statementMap":{"0":{"start":{"line":1,"column":18},"end":{"line":1,"column":46}},"1":{"start":{"line":2,"column":29},"end":{"line":2,"column":76}},"2":{"start":{"line":4,"column":20},"end":{"line":7,"column":1}},"3":{"start":{"line":9,"column":0},"end":{"line":9,"column":29}}},"fnMap":{},"branchMap":{},"s":{"0":1,"1":1,"2":1,"3":1},"f":{},"b":{},"_coverageSchema":"1a1c01bbd47fc00a2c39e90264f33305004495a9","hash":"09feb37b65da31ad930126471fcc909d817dffdc"}
,"/home/leminh/Desktop/zigvy/backend/validators/pagination.validator.js": {"path":"/home/leminh/Desktop/zigvy/backend/validators/pagination.validator.js","statementMap":{"0":{"start":{"line":1,"column":18},"end":{"line":1,"column":46}},"1":{"start":{"line":2,"column":29},"end":{"line":2,"column":76}},"2":{"start":{"line":4,"column":28},"end":{"line":8,"column":1}},"3":{"start":{"line":10,"column":0},"end":{"line":10,"column":37}}},"fnMap":{},"branchMap":{},"s":{"0":1,"1":1,"2":1,"3":1},"f":{},"b":{},"_coverageSchema":"1a1c01bbd47fc00a2c39e90264f33305004495a9","hash":"a14d071a03ebebe562a701f2ea80299266074653"}
,"/home/leminh/Desktop/zigvy/backend/validators/post.validator.js": {"path":"/home/leminh/Desktop/zigvy/backend/validators/post.validator.js","statementMap":{"0":{"start":{"line":1,"column":17},"end":{"line":1,"column":45}},"1":{"start":{"line":2,"column":21},"end":{"line":2,"column":56}},"2":{"start":{"line":3,"column":29},"end":{"line":3,"column":76}},"3":{"start":{"line":5,"column":22},"end":{"line":22,"column":1}},"4":{"start":{"line":17,"column":16},"end":{"line":17,"column":49}},"5":{"start":{"line":18,"column":3},"end":{"line":18,"column":38}},"6":{"start":{"line":18,"column":14},"end":{"line":18,"column":38}},"7":{"start":{"line":24,"column":0},"end":{"line":24,"column":31}}},"fnMap":{"0":{"name":"(anonymous_0)","decl":{"start":{"line":16,"column":10},"end":{"line":16,"column":11}},"loc":{"start":{"line":16,"column":27},"end":{"line":19,"column":3}},"line":16}},"branchMap":{"0":{"loc":{"start":{"line":18,"column":3},"end":{"line":18,"column":38}},"type":"if","locations":[{"start":{"line":18,"column":3},"end":{"line":18,"column":38}},{"start":{},"end":{}}],"line":18}},"s":{"0":1,"1":1,"2":1,"3":1,"4":2,"5":2,"6":0,"7":1},"f":{"0":2},"b":{"0":[0,2]},"_coverageSchema":"1a1c01bbd47fc00a2c39e90264f33305004495a9","hash":"be28db999e0e5dde624ccbeb2e6bc7b9954f1d74"}
,"/home/leminh/Desktop/zigvy/backend/views/comment.view.js": {"path":"/home/leminh/Desktop/zigvy/backend/views/comment.view.js","statementMap":{"0":{"start":{"line":1,"column":0},"end":{"line":1,"column":47}},"1":{"start":{"line":4,"column":2},"end":{"line":13,"column":4}},"2":{"start":{"line":17,"column":2},"end":{"line":17,"column":55}},"3":{"start":{"line":17,"column":33},"end":{"line":17,"column":53}}},"fnMap":{"0":{"name":"commentView","decl":{"start":{"line":3,"column":9},"end":{"line":3,"column":20}},"loc":{"start":{"line":3,"column":30},"end":{"line":14,"column":1}},"line":3},"1":{"name":"commentsView","decl":{"start":{"line":16,"column":9},"end":{"line":16,"column":21}},"loc":{"start":{"line":16,"column":32},"end":{"line":18,"column":1}},"line":16},"2":{"name":"(anonymous_2)","decl":{"start":{"line":17,"column":22},"end":{"line":17,"column":23}},"loc":{"start":{"line":17,"column":33},"end":{"line":17,"column":53}},"line":17}},"branchMap":{},"s":{"0":1,"1":0,"2":0,"3":0},"f":{"0":0,"1":0,"2":0},"b":{},"_coverageSchema":"1a1c01bbd47fc00a2c39e90264f33305004495a9","hash":"bb4d2084a70014b487ed7014826c007bf84affa0"}
,"/home/leminh/Desktop/zigvy/backend/views/post.view.js": {"path":"/home/leminh/Desktop/zigvy/backend/views/post.view.js","statementMap":{"0":{"start":{"line":2,"column":1},"end":{"line":10,"column":3}},"1":{"start":{"line":14,"column":1},"end":{"line":14,"column":44}},"2":{"start":{"line":14,"column":28},"end":{"line":14,"column":42}},"3":{"start":{"line":17,"column":0},"end":{"line":17,"column":41}}},"fnMap":{"0":{"name":"postView","decl":{"start":{"line":1,"column":9},"end":{"line":1,"column":17}},"loc":{"start":{"line":1,"column":24},"end":{"line":11,"column":1}},"line":1},"1":{"name":"postsView","decl":{"start":{"line":13,"column":9},"end":{"line":13,"column":18}},"loc":{"start":{"line":13,"column":26},"end":{"line":15,"column":1}},"line":13},"2":{"name":"(anonymous_2)","decl":{"start":{"line":14,"column":18},"end":{"line":14,"column":19}},"loc":{"start":{"line":14,"column":28},"end":{"line":14,"column":42}},"line":14}},"branchMap":{},"s":{"0":5,"1":1,"2":3,"3":1},"f":{"0":5,"1":1,"2":3},"b":{},"_coverageSchema":"1a1c01bbd47fc00a2c39e90264f33305004495a9","hash":"e2f4b65592dbc3b837fb68adbf4cc0683090e044"}
,"/home/leminh/Desktop/zigvy/backend/views/user.view.js": {"path":"/home/leminh/Desktop/zigvy/backend/views/user.view.js","statementMap":{"0":{"start":{"line":1,"column":0},"end":{"line":1,"column":41}},"1":{"start":{"line":4,"column":2},"end":{"line":10,"column":4}},"2":{"start":{"line":14,"column":2},"end":{"line":14,"column":43}},"3":{"start":{"line":14,"column":27},"end":{"line":14,"column":41}}},"fnMap":{"0":{"name":"userView","decl":{"start":{"line":3,"column":9},"end":{"line":3,"column":17}},"loc":{"start":{"line":3,"column":24},"end":{"line":11,"column":1}},"line":3},"1":{"name":"usersView","decl":{"start":{"line":13,"column":9},"end":{"line":13,"column":18}},"loc":{"start":{"line":13,"column":26},"end":{"line":15,"column":1}},"line":13},"2":{"name":"(anonymous_2)","decl":{"start":{"line":14,"column":19},"end":{"line":14,"column":20}},"loc":{"start":{"line":14,"column":27},"end":{"line":14,"column":41}},"line":14}},"branchMap":{},"s":{"0":1,"1":0,"2":0,"3":0},"f":{"0":0,"1":0,"2":0},"b":{},"_coverageSchema":"1a1c01bbd47fc00a2c39e90264f33305004495a9","hash":"9602f9e310b1f2ad25f3438ef0e26c68765deb92"}
}
