TN:
SF:app.js
FNF:0
FNH:0
DA:1,1
DA:2,1
DA:3,1
DA:4,1
DA:6,1
DA:7,1
DA:8,1
DA:15,1
DA:16,1
DA:17,1
DA:18,1
DA:20,1
DA:21,1
DA:22,1
DA:25,1
DA:27,1
LF:16
LH:16
BRDA:25,0,0,1
BRDA:25,0,1,0
BRF:2
BRH:1
end_of_record
TN:
SF:controllers/comment.controller.js
FN:12,getComments
FN:24,getCommentById
FN:27,(anonymous_2)
FN:33,addComment
FN:36,(anonymous_4)
FN:40,updateComment
FN:43,(anonymous_6)
FN:49,deleteComment
FN:52,(anonymous_8)
FNF:9
FNH:0
FNDA:0,getComments
FNDA:0,getCommentById
FNDA:0,(anonymous_2)
FNDA:0,addComment
FNDA:0,(anonymous_4)
FNDA:0,updateComment
FNDA:0,(anonymous_6)
FNDA:0,deleteComment
FNDA:0,(anonymous_8)
DA:1,1
DA:2,1
DA:4,1
DA:13,0
DA:14,0
DA:15,0
DA:18,0
DA:20,0
DA:25,0
DA:28,0
DA:34,0
DA:36,0
DA:41,0
DA:44,0
DA:50,0
DA:52,0
LF:16
LH:3
BRDA:15,0,0,0
BRDA:15,0,1,0
BRDA:28,1,0,0
BRDA:28,1,1,0
BRDA:44,2,0,0
BRDA:44,2,1,0
BRF:6
BRH:0
end_of_record
TN:
SF:controllers/post.controller.js
FN:7,getPosts
FN:11,(anonymous_1)
FN:15,getById
FN:18,(anonymous_3)
FN:22,addPost
FN:25,(anonymous_5)
FN:29,updatePost
FN:32,(anonymous_7)
FN:36,deletePost
FN:39,(anonymous_9)
FN:43,getComments
FN:46,(anonymous_11)
FNF:12
FNH:10
FNDA:1,getPosts
FNDA:1,(anonymous_1)
FNDA:1,getById
FNDA:1,(anonymous_3)
FNDA:1,addPost
FNDA:1,(anonymous_5)
FNDA:1,updatePost
FNDA:1,(anonymous_7)
FNDA:1,deletePost
FNDA:1,(anonymous_9)
FNDA:0,getComments
FNDA:0,(anonymous_11)
DA:1,1
DA:2,1
DA:3,1
DA:5,1
DA:8,1
DA:9,1
DA:11,1
DA:16,1
DA:18,1
DA:23,1
DA:25,1
DA:30,1
DA:32,1
DA:37,1
DA:39,1
DA:44,0
DA:46,0
LF:17
LH:15
BRDA:18,0,0,1
BRDA:18,0,1,0
BRDA:32,1,0,1
BRDA:32,1,1,0
BRF:4
BRH:2
end_of_record
TN:
SF:controllers/user.controller.js
FN:6,getUsers
FN:9,(anonymous_1)
FN:13,getById
FN:16,(anonymous_3)
FNF:4
FNH:0
FNDA:0,getUsers
FNDA:0,(anonymous_1)
FNDA:0,getById
FNDA:0,(anonymous_3)
DA:1,1
DA:2,1
DA:4,1
DA:7,0
DA:9,0
DA:14,0
DA:16,0
LF:7
LH:3
BRDA:16,0,0,0
BRDA:16,0,1,0
BRF:2
BRH:0
end_of_record
TN:
SF:middlewares/error-handler.middleware.js
FN:3,ErrorHandlerMiddleware
FNF:1
FNH:0
FNDA:0,ErrorHandlerMiddleware
DA:4,0
DA:5,0
DA:8,1
LF:3
LH:1
BRDA:5,0,0,0
BRDA:5,0,1,0
BRF:2
BRH:0
end_of_record
TN:
SF:middlewares/validation.middleware.js
FN:3,ValidationMiddleware
FNF:1
FNH:1
FNDA:6,ValidationMiddleware
DA:1,1
DA:4,6
DA:5,6
DA:6,0
DA:8,6
DA:11,1
LF:6
LH:5
BRDA:5,0,0,0
BRDA:5,0,1,6
BRF:2
BRH:1
end_of_record
TN:
SF:models/comment.model.js
FNF:0
FNH:0
DA:1,1
DA:2,1
DA:4,1
DA:12,1
LF:4
LH:4
BRF:0
BRH:0
end_of_record
TN:
SF:models/post.model.js
FNF:0
FNH:0
DA:1,1
DA:2,1
DA:4,1
DA:13,1
LF:4
LH:4
BRF:0
BRH:0
end_of_record
TN:
SF:models/user.model.js
FNF:0
FNH:0
DA:1,1
DA:2,1
DA:4,1
DA:12,1
LF:4
LH:4
BRF:0
BRH:0
end_of_record
TN:
SF:routes/comment.route.js
FNF:0
FNH:0
DA:1,1
DA:2,1
DA:3,1
DA:4,1
DA:5,1
DA:6,1
DA:7,1
DA:9,1
DA:14,1
DA:15,1
DA:16,1
DA:17,1
DA:19,1
LF:13
LH:13
BRF:0
BRH:0
end_of_record
TN:
SF:routes/post.route.js
FNF:0
FNH:0
DA:1,1
DA:2,1
DA:3,1
DA:4,1
DA:5,1
DA:6,1
DA:7,1
DA:9,1
DA:14,1
DA:15,1
DA:16,1
DA:17,1
DA:18,1
DA:20,1
LF:14
LH:14
BRF:0
BRH:0
end_of_record
TN:
SF:routes/user.route.js
FNF:0
FNH:0
DA:1,1
DA:2,1
DA:3,1
DA:4,1
DA:6,1
DA:7,1
DA:9,1
LF:7
LH:7
BRF:0
BRH:0
end_of_record
TN:
SF:services/comment.service.js
FN:13,getComments
FN:17,getCommentById
FN:21,getCommentsByPost
FN:27,addComment
FN:31,deleteComment
FN:35,updateComment
FN:39,deleteCommentsByPost
FNF:7
FNH:1
FNDA:0,getComments
FNDA:0,getCommentById
FNDA:0,getCommentsByPost
FNDA:0,addComment
FNDA:0,deleteComment
FNDA:0,updateComment
FNDA:1,deleteCommentsByPost
DA:1,1
DA:3,1
DA:14,0
DA:18,0
DA:22,0
DA:28,0
DA:32,0
DA:36,0
DA:40,1
LF:9
LH:3
BRF:0
BRH:0
end_of_record
TN:
SF:services/post.service.js
FN:13,getPosts
FN:20,getById
FN:24,getComments
FN:28,addPost
FN:32,updatePost
FN:40,deletePost
FN:41,(anonymous_6)
FNF:7
FNH:6
FNDA:1,getPosts
FNDA:1,getById
FNDA:0,getComments
FNDA:1,addPost
FNDA:1,updatePost
FNDA:1,deletePost
FNDA:1,(anonymous_6)
DA:1,1
DA:2,1
DA:4,1
DA:14,1
DA:21,1
DA:25,0
DA:29,1
DA:33,1
DA:41,1
DA:42,1
LF:10
LH:9
BRDA:13,0,0,1
BRDA:13,1,0,1
BRDA:13,2,0,1
BRF:3
BRH:3
end_of_record
TN:
SF:services/user.service.js
FN:5,getUsers
FN:9,getById
FNF:2
FNH:1
FNDA:0,getUsers
FNDA:2,getById
DA:1,1
DA:3,1
DA:6,0
DA:10,2
LF:4
LH:3
BRF:0
BRH:0
end_of_record
TN:
SF:validators/comment.validator.js
FN:8,(anonymous_0)
FN:12,(anonymous_1)
FNF:2
FNH:0
FNDA:0,(anonymous_0)
FNDA:0,(anonymous_1)
DA:1,1
DA:2,1
DA:3,1
DA:4,1
DA:6,1
DA:9,0
DA:10,0
DA:13,0
DA:14,0
DA:19,1
LF:10
LH:6
BRDA:10,0,0,0
BRDA:10,0,1,0
BRDA:14,1,0,0
BRDA:14,1,1,0
BRF:4
BRH:0
end_of_record
TN:
SF:validators/id.validator.js
FNF:0
FNH:0
DA:1,1
DA:2,1
DA:4,1
DA:9,1
LF:4
LH:4
BRF:0
BRH:0
end_of_record
TN:
SF:validators/pagination.validator.js
FNF:0
FNH:0
DA:1,1
DA:2,1
DA:4,1
DA:10,1
LF:4
LH:4
BRF:0
BRH:0
end_of_record
TN:
SF:validators/post.validator.js
FN:16,(anonymous_0)
FNF:1
FNH:1
FNDA:2,(anonymous_0)
DA:1,1
DA:2,1
DA:3,1
DA:5,1
DA:17,2
DA:18,2
DA:24,1
LF:7
LH:7
BRDA:18,0,0,0
BRDA:18,0,1,2
BRF:2
BRH:1
end_of_record
TN:
SF:views/comment.view.js
FN:3,commentView
FN:16,commentsView
FN:17,(anonymous_2)
FNF:3
FNH:0
FNDA:0,commentView
FNDA:0,commentsView
FNDA:0,(anonymous_2)
DA:1,1
DA:4,0
DA:17,0
LF:3
LH:1
BRF:0
BRH:0
end_of_record
TN:
SF:views/post.view.js
FN:1,postView
FN:13,postsView
FN:14,(anonymous_2)
FNF:3
FNH:3
FNDA:5,postView
FNDA:1,postsView
FNDA:3,(anonymous_2)
DA:2,5
DA:14,3
DA:17,1
LF:3
LH:3
BRF:0
BRH:0
end_of_record
TN:
SF:views/user.view.js
FN:3,userView
FN:13,usersView
FN:14,(anonymous_2)
FNF:3
FNH:0
FNDA:0,userView
FNDA:0,usersView
FNDA:0,(anonymous_2)
DA:1,1
DA:4,0
DA:14,0
LF:3
LH:1
BRF:0
BRH:0
end_of_record
